<?xml version="1.0" encoding="UTF-8"?>
<!-- Generated by org.testng.reporters.JUnitXMLReporter -->
<testsuite ignored="4" hostname="LTIN197004" failures="0" tests="7" name="Test1" time="68.915" errors="0" timestamp="2024-02-24T16:10:27 IST">
  <testcase classname="testCases.TC_Travel_Insuarance" name="navigateToTravelInsuarancePage" time="0.919"/>
  <testcase classname="testCases.TC_Travel_Insuarance" name="fillingInfoAndViewPlan" time="20.534"/>
  <testcase classname="testCases.TC_Travel_Insuarance" name="RetrievingInsuaranceDetails" time="11.912"/>
  <testcase classname="testCases.TC_CarInsuarance" name="navigateToCarInsuarancePage" time="0.657"/>
  <testcase classname="testCases.TC_CarInsuarance" name="fillingCarInfoAndViewPlan" time="9.502"/>
  <testcase classname="testCases.TC_CarInsuarance" name="RetrievingInsuaranceDetails" time="3.808"/>
  <testcase classname="testCases.TC_HealthInsuarance" name="displayHealthInsuarance" time="1.398"/>
  <testcase classname="testBase.BaseClass" name="@AfterTest tearDown" time="0.0">
    <ignored/>
  </testcase> <!-- @AfterTest tearDown -->
  <testcase classname="testBase.BaseClass" name="@AfterTest tearDown" time="0.0">
    <ignored/>
  </testcase> <!-- @AfterTest tearDown -->
  <testcase classname="testBase.BaseClass" name="@BeforeTest setup" time="0.0">
    <ignored/>
  </testcase> <!-- @BeforeTest setup -->
  <testcase classname="testBase.BaseClass" name="@BeforeTest setup" time="0.0">
    <ignored/>
  </testcase> <!-- @BeforeTest setup -->
</testsuite> <!-- Test1 -->
